<?xml version="1.0" encoding="UTF-8"?>
<testng-results skipped="0" failed="0" ignored="0" total="1" passed="1">
  <reporter-output>
  </reporter-output>
  <suite name="Default suite" duration-ms="15716" started-at="2020-01-29T10:55:37 IST" finished-at="2020-01-29T10:55:53 IST">
    <groups>
    </groups>
    <test name="Default test" duration-ms="15716" started-at="2020-01-29T10:55:37 IST" finished-at="2020-01-29T10:55:53 IST">
      <class name="DataProvider.mercuryToursDataProvider">
        <test-method status="PASS" signature="DataInfo(java.lang.String, java.lang.String, java.lang.String)[pri:0, instance:DataProvider.mercuryToursDataProvider@5a1c0542]" name="DataInfo" duration-ms="15650" started-at="2020-01-29T10:55:37 IST" data-provider="dp" finished-at="2020-01-29T10:55:53 IST">
          <params>
            <param index="0">
              <value>
                <![CDATA[ram]]>
              </value>
            </param>
            <param index="1">
              <value>
                <![CDATA[ram123]]>
              </value>
            </param>
            <param index="2">
              <value>
                <![CDATA[ram123]]>
              </value>
            </param>
          </params>
          <reporter-output>
          </reporter-output>
        </test-method> <!-- DataInfo -->
      </class> <!-- DataProvider.mercuryToursDataProvider -->
    </test> <!-- Default test -->
  </suite> <!-- Default suite -->
</testng-results>
