<?xml version="1.0" encoding="UTF-8"?>
<!-- Generated by org.testng.reporters.JUnitXMLReporter -->
<testsuite hostname="BDC6-D-871KX52" ignored="2" name="Test" tests="3" failures="1" timestamp="2020-01-22T09:47:42 IST" time="12.159" errors="0">
  <testcase name="verifyHomepageTitle1" time="12.092" classname="testNGdemos.firsttestngfile">
    <failure type="java.lang.AssertionError" message="expected [Welcome : Mercury Tours123] but found [Welcome: Mercury Tours]">
      <![CDATA[java.lang.AssertionError: expected [Welcome : Mercury Tours123] but found [Welcome: Mercury Tours]
at testNGdemos.firsttestngfile.verifyHomepageTitle1(firsttestngfile.java:25)
at java.util.ArrayList.forEach(ArrayList.java:1257)
... Removed 32 stack frames]]>
    </failure>
  </testcase> <!-- verifyHomepageTitle1 -->
  <testcase name="validate_Support" time="0.002" classname="testNGdemos.sampleTest"/>
  <testcase name="validate_Register" time="0.001" classname="testNGdemos.sampleTest"/>
  <testcase name="validate_Contact" time="0.0" classname="testNGdemos.sampleTest">
    <ignored/>
  </testcase> <!-- validate_Contact -->
  <testcase name="validate_Sign_on" time="0.0" classname="testNGdemos.sampleTest">
    <ignored/>
  </testcase> <!-- validate_Sign_on -->
</testsuite> <!-- Test -->
